<?xml version="1.0" encoding="UTF-8"?>
<!-- Generated by org.testng.reporters.JUnitReportReporter -->
<testsuite skipped="0" hostname="bindu-PC" name="streams.test1" tests="2" failures="0" timestamp="29 Jul 2021 13:36:45 GMT" time="0.223" errors="0">
  <testcase name="streamCollect" time="0.140" classname="streams.test1"/>
  <testcase name="streamMap" time="0.083" classname="streams.test1"/>
</testsuite> <!-- streams.test1 -->
